
> crm-immobilier-frontend@1.0.0 build
> next build

⚠ Invalid next.config.js options detected: 
⚠     Unrecognized key(s) in object: 'turbo' at "experimental"
⚠ See more info here: https://nextjs.org/docs/messages/invalid-next-config
⚠ Warning: Next.js inferred your workspace root, but it may not be correct.
 We detected multiple lockfiles and selected the directory of C:\Users\DELL\Desktop\project dev\CRM_IMMOBILIER_COMPLET_FINAL\.git\crm-immobilier\package-lock.json as the root directory.
 To silence this warning, set `turbopack.root` in your Next.js config, or consider removing one of the lockfiles if it's not needed.
   See https://nextjs.org/docs/app/api-reference/config/next-config-js/turbopack#root-directory for more information.
 Detected additional lockfiles: 
   * C:\Users\DELL\Desktop\project dev\CRM_IMMOBILIER_COMPLET_FINAL\.git\crm-immobilier\frontend\package-lock.json

▲ Next.js 16.1.0 (Turbopack)
- Environments: .env.local, .env
- Experiments (use with caution):
  ? turbo (invalid experimental key)

  Running TypeScript ...
Failed to compile.

./lib/api-client.ts:22:3
Type error: Argument of type '(config: AxiosRequestConfig) => AxiosRequestConfig' is not assignable to parameter of type '(value: InternalAxiosRequestConfig<any>) => InternalAxiosRequestConfig<any> | Promise<InternalAxiosRequestConfig<any>>'.
  Type 'AxiosRequestConfig<any>' is not assignable to type 'InternalAxiosRequestConfig<any> | Promise<InternalAxiosRequestConfig<any>>'.
    Type 'AxiosRequestConfig<any>' is not assignable to type 'InternalAxiosRequestConfig<any>'.
      Types of property 'headers' are incompatible.
        Type 'AxiosHeaders | (Partial<RawAxiosHeaders & { Accept: AxiosHeaderValue; "Content-Length": AxiosHeaderValue; "User-Agent": AxiosHeaderValue; "Content-Encoding": AxiosHeaderValue; Authorization: AxiosHeaderValue; } & { ...; }> & Partial<...>)' is not assignable to type 'AxiosRequestHeaders'.
          Type 'Partial<RawAxiosHeaders & { Accept: AxiosHeaderValue; "Content-Length": AxiosHeaderValue; "User-Agent": AxiosHeaderValue; "Content-Encoding": AxiosHeaderValue; Authorization: AxiosHeaderValue; } & { ...; }> & Partial<...>' is not assignable to type 'AxiosRequestHeaders'.
            Type 'Partial<RawAxiosHeaders & { Accept: AxiosHeaderValue; "Content-Length": AxiosHeaderValue; "User-Agent": AxiosHeaderValue; "Content-Encoding": AxiosHeaderValue; Authorization: AxiosHeaderValue; } & { ...; }> & Partial<...>' is missing the following properties from type 'AxiosHeaders': set, has, clear, normalize, and 22 more.

[0m [90m 20 |[39m [90m// Intercepteur de requête pour ajouter automatiquement le token JWT[39m
 [90m 21 |[39m apiClient[33m.[39minterceptors[33m.[39mrequest[33m.[39muse(
[31m[1m>[22m[39m[90m 22 |[39m   (config[33m:[39m [33mAxiosRequestConfig[39m)[33m:[39m [33mAxiosRequestConfig[39m [33m=>[39m {
 [90m    |[39m   [31m[1m^[22m[39m
 [90m 23 |[39m     [90m// Ajouter le token JWT si disponible[39m
 [90m 24 |[39m     [36mif[39m ([36mtypeof[39m window [33m!==[39m [32m'undefined'[39m) {
 [90m 25 |[39m       [36mconst[39m token [33m=[39m localStorage[33m.[39mgetItem([32m'access_token'[39m)[33m;[39m[0m
Next.js build worker exited with code: 1 and signal: null
